<?xml version="1.0" encoding="UTF-8" ?>

<!DOCTYPE sqlMap      
    PUBLIC "-//ibatis.apache.org//DTD SQL Map 2.0//EN"      
    "http://ibatis.apache.org/dtd/sql-map-2.dtd">

<sqlMap namespace="book">
	<!-- 获得菜单信息 -->
	<select id="getMenu"  resultClass="java.util.HashMap" parameterClass="int">
		<![CDATA[
			SELECT ID,NAME,URL,PID FROM TEST WHERE ID=#value#
		]]>
	</select>
	
	<!-- 获得菜单列表 -->
	<select id="getMenuList"  resultClass="java.util.HashMap">
		<![CDATA[
			SELECT * FROM TEST
		]]>
	</select>
</sqlMap>